#
# An unexpected error has been detected by Java Runtime Environment:
#
#  EXCEPTION_ACCESS_VIOLATION (0xc0000005) at pc=0x0094b845, pid=1056, tid=1196
#
# Java VM: Java HotSpot(TM) Client VM (11.3-b02 mixed mode, sharing windows-x86)
# Problematic frame:
# v  ~BufferBlob::native signature handlers
#
# If you would like to submit a bug report, please visit:
#   http://java.sun.com/webapps/bugreport/crash.jsp
#

---------------  T H R E A D  ---------------

Current thread (0x002a6800):  JavaThread "main" [_thread_in_Java, id=1196, stack(0x008c0000,0x00910000)]

siginfo: ExceptionCode=0xc0000005, writing address 0x101cb0bc

Registers:
EAX=0x002a6870, EBX=0x2b177280, ECX=0x0090edbc, EDX=0x2b175710
ESP=0x0090ed7c, EBP=0x0090edac, ESI=0x2a974778, EDI=0x0090edbc
EIP=0x0094b845, EFLAGS=0x00010206

Top of Stack: (sp=0x0090ed7c)
0x0090ed7c:   00919c46 009181a6 00000000 0090edbc
0x0090ed8c:   0090ed8c 00000000 0090edbc 2b175710
0x0090ed9c:   00000000 2b177280 00000000 0090edbc
0x0090edac:   0090ede0 00912fcd 00000000 00000000
0x0090edbc:   2b777990 0090edc0 2a9746e2 0090edf4
0x0090edcc:   2b175710 00000000 2b177230 0090edbc
0x0090eddc:   0090edf4 0090ee18 00912fcd 00000000
0x0090edec:   00000000 00000000 2b777990 0090edf8 

Instructions: (pc=0x0094b845)
0x0094b835:   85 05 00 00 00 b9 00 00 00 00 89 4c 24 0c b0 70
0x0094b845:   81 91 00 c3 8b 0f 89 4c 24 0c b8 89 81 91 00 c3 


Stack: [0x008c0000,0x00910000],  sp=0x0090ed7c,  free space=315k
Native frames: (J=compiled Java code, j=interpreted, Vv=VM code, C=native code)
v  ~BufferBlob::native signature handlers
j  java.lang.Class.desiredAssertionStatus()Z+10
j  java.lang.CharacterDataLatin1.<clinit>()V+3
v  ~StubRoutines::call_stub


---------------  P R O C E S S  ---------------

Java Threads: ( => current thread )
  0x02a60800 JavaThread "Finalizer" daemon [_thread_blocked, id=1244, stack(0x02be0000,0x02c30000)]
  0x02a5f000 JavaThread "Reference Handler" daemon [_thread_blocked, id=1248, stack(0x02b90000,0x02be0000)]
=>0x002a6800 JavaThread "main" [_thread_in_Java, id=1196, stack(0x008c0000,0x00910000)]

Other Threads:
  0x02a5d800 VMThread [stack: 0x02b40000,0x02b90000] [id=1224]

VM state:not at safepoint (normal execution)

VM Mutex/Monitor currently owned by a thread: None

Heap
 def new generation   total 960K, used 127K [0x22970000, 0x22a70000, 0x22e50000)
  eden space 896K,  14% used [0x22970000, 0x2298ffd8, 0x22a50000)
  from space 64K,   0% used [0x22a50000, 0x22a50000, 0x22a60000)
  to   space 64K,   0% used [0x22a60000, 0x22a60000, 0x22a70000)
 tenured generation   total 4096K, used 0K [0x22e50000, 0x23250000, 0x26970000)
   the space 4096K,   0% used [0x22e50000, 0x22e50000, 0x22e50200, 0x23250000)
 compacting perm gen  total 12288K, used 12K [0x26970000, 0x27570000, 0x2a970000)
   the space 12288K,   0% used [0x26970000, 0x269733a0, 0x26973400, 0x27570000)
    ro space 8192K,  67% used [0x2a970000, 0x2aed7ea8, 0x2aed8000, 0x2b170000)
    rw space 12288K,  53% used [0x2b170000, 0x2b7e5530, 0x2b7e5600, 0x2bd70000)

Dynamic libraries:
0x00400000 - 0x00424000 	C:\Program Files\Java\jdk1.6.0_13\bin\java.exe
0x7c900000 - 0x7c9b0000 	C:\WINDOWS\system32\ntdll.dll
0x7c800000 - 0x7c8f4000 	C:\WINDOWS\system32\kernel32.dll
0x77dd0000 - 0x77e6b000 	C:\WINDOWS\system32\ADVAPI32.dll
0x77e70000 - 0x77f01000 	C:\WINDOWS\system32\RPCRT4.dll
0x7c340000 - 0x7c396000 	C:\Program Files\Java\jdk1.6.0_13\jre\bin\msvcr71.dll
0x6d8b0000 - 0x6db06000 	C:\Program Files\Java\jdk1.6.0_13\jre\bin\client\jvm.dll
0x77d40000 - 0x77dd0000 	C:\WINDOWS\system32\USER32.dll
0x77f10000 - 0x77f56000 	C:\WINDOWS\system32\GDI32.dll
0x76b40000 - 0x76b6d000 	C:\WINDOWS\system32\WINMM.dll
0x76390000 - 0x763ad000 	C:\WINDOWS\system32\IMM32.DLL
0x6d340000 - 0x6d348000 	C:\Program Files\Java\jdk1.6.0_13\jre\bin\hpi.dll
0x76bf0000 - 0x76bfb000 	C:\WINDOWS\system32\PSAPI.DLL
0x6d860000 - 0x6d86c000 	C:\Program Files\Java\jdk1.6.0_13\jre\bin\verify.dll
0x6d3e0000 - 0x6d3ff000 	C:\Program Files\Java\jdk1.6.0_13\jre\bin\java.dll
0x6d8a0000 - 0x6d8af000 	C:\Program Files\Java\jdk1.6.0_13\jre\bin\zip.dll

VM Arguments:
java_command: b12
Launcher Type: SUN_STANDARD

Environment Variables:
PATH=C:\WINDOWS\system32;C:\WINDOWS;C:\WINDOWS\System32\Wbem
USERNAME=Student
OS=Windows_NT
PROCESSOR_IDENTIFIER=x86 Family 6 Model 23 Stepping 10, GenuineIntel



---------------  S Y S T E M  ---------------

OS: Windows XP Build 2600 Service Pack 2

CPU:total 2 (2 cores per cpu, 1 threads per core) family 6 model 7 stepping 10, cmov, cx8, fxsr, mmx, sse, sse2, sse3, ssse3

Memory: 4k page, physical 2027964k(1439784k free), swap 3966900k(3487372k free)

vm_info: Java HotSpot(TM) Client VM (11.3-b02) for windows-x86 JRE (1.6.0_13-b03), built on Mar  9 2009 01:15:24 by "java_re" with MS VC++ 7.1

time: Mon Aug 25 12:17:24 2014
elapsed time: 0 seconds

