#
# An unexpected error has been detected by Java Runtime Environment:
#
#  EXCEPTION_ACCESS_VIOLATION (0xc0000005) at pc=0x6d9e94d2, pid=3456, tid=3532
#
# Java VM: Java HotSpot(TM) Client VM (11.3-b02 mixed mode, sharing windows-x86)
# Problematic frame:
# V  [jvm.dll+0x1394d2]
#
# If you would like to submit a bug report, please visit:
#   http://java.sun.com/webapps/bugreport/crash.jsp
#

---------------  T H R E A D  ---------------

Current thread (0x02a5d800):  VMThread [stack: 0x02b40000,0x02b90000] [id=3532]

siginfo: ExceptionCode=0xc0000005, reading address 0x726b0014

Registers:
EAX=0x726b0014, EBX=0x2bdbaa98, ECX=0x2bdbaaa8, EDX=0x6da9fa01
ESP=0x02b8fbb4, EBP=0x2bdbaaa8, ESI=0x2bdbaaa0, EDI=0x002ad450
EIP=0x6d9e94d2, EFLAGS=0x00010202

Top of Stack: (sp=0x02b8fbb4)
0x02b8fbb4:   6d96164c 2bdbaaa8 6dac5090 6dac5090
0x02b8fbc4:   00ec8000 002ac5f8 00001f47 6da21f0c
0x02b8fbd4:   6dac5090 002a9ed0 6d959cb6 002ac5f8
0x02b8fbe4:   002a9ed0 6d959cd4 6dac5090 6dac50ac
0x02b8fbf4:   002ac5f8 002a9ed0 22e50000 6d95b9be
0x02b8fc04:   6dac5090 6dac50ac 00000001 002a9ed0
0x02b8fc14:   002ac7f0 26010100 00010100 00000000
0x02b8fc24:   00000000 00000000 00004140 00001000 

Instructions: (pc=0x6d9e94d2)
0x6d9e94c2:   24 04 8b 01 85 c0 74 1d 8a 15 dd 15 ac 6d 84 d2
0x6d9e94d2:   8b 00 74 0a 8b d0 83 e2 07 80 fa 05 74 07 83 e0 


Stack: [0x02b40000,0x02b90000],  sp=0x02b8fbb4,  free space=318k
Native frames: (J=compiled Java code, j=interpreted, Vv=VM code, C=native code)
V  [jvm.dll+0x1394d2]

VM_Operation (0x02fcf0c8): GenCollectForAllocation, mode: safepoint, requested by thread 0x02b0ac00


---------------  P R O C E S S  ---------------

Java Threads: ( => current thread )
  0x02a9fc00 
[error occurred during error reporting (printing all threads), id 0xc0000005]

VM state:at safepoint (normal execution)

VM Mutex/Monitor currently owned by a thread:  ([mutex/lock_event])
[0x002a57e8] UNKNOWN - owner thread: 0x02a5d800
[0x002a5c48] UNKNOWN - owner thread: 0x02b0ac00

Heap
 def new generation   total 960K, used 64K [0x22970000, 0x22a70000, 0x22e50000)
  eden space 896K,   0% used [0x22970000, 0x22970000, 0x22a50000)
  from space 64K, 100% used [0x22a50000, 0x22a60000, 0x22a60000)
  to   space 64K,   0% used [0x22a60000, 0x22a60000, 0x22a70000)
 tenured generation   total 4096K, used 3570K [0x22e50000, 0x23250000, 0x26970000)
   the space 4096K,  87% used [0x22e50000, 0x231ccbf0, 0x23024e00, 0x23250000)
 compacting perm gen  total 12288K, used 3194K [0x26970000, 0x27570000, 0x2a970000)
   the space 12288K,  25% used [0x26970000, 0x26c8eab8, 0x26c8ec00, 0x27570000)
    ro space 8192K,  67% used [0x2a970000, 0x2aed7ea8, 0x2aed8000, 0x2b170000)
    rw space 12288K,  53% used [0x2b170000, 0x2b7e5530, 0x2b7e5600, 0x2bd70000)

Dynamic libraries:
0x00400000 - 0x00424000 	C:\Program Files\Java\jdk1.6.0_13\bin\java.exe
0x7c900000 - 0x7c9b0000 	C:\WINDOWS\system32\ntdll.dll
0x7c800000 - 0x7c8f4000 	C:\WINDOWS\system32\kernel32.dll
0x77dd0000 - 0x77e6b000 	C:\WINDOWS\system32\ADVAPI32.dll
0x77e70000 - 0x77f01000 	C:\WINDOWS\system32\RPCRT4.dll
0x7c340000 - 0x7c396000 	C:\Program Files\Java\jdk1.6.0_13\jre\bin\msvcr71.dll
0x6d8b0000 - 0x6db06000 	C:\Program Files\Java\jdk1.6.0_13\jre\bin\client\jvm.dll
0x77d40000 - 0x77dd0000 	C:\WINDOWS\system32\USER32.dll
0x77f10000 - 0x77f56000 	C:\WINDOWS\system32\GDI32.dll
0x76b40000 - 0x76b6d000 	C:\WINDOWS\system32\WINMM.dll
0x76390000 - 0x763ad000 	C:\WINDOWS\system32\IMM32.DLL
0x6d340000 - 0x6d348000 	C:\Program Files\Java\jdk1.6.0_13\jre\bin\hpi.dll
0x76bf0000 - 0x76bfb000 	C:\WINDOWS\system32\PSAPI.DLL
0x6d860000 - 0x6d86c000 	C:\Program Files\Java\jdk1.6.0_13\jre\bin\verify.dll
0x6d3e0000 - 0x6d3ff000 	C:\Program Files\Java\jdk1.6.0_13\jre\bin\java.dll
0x6d8a0000 - 0x6d8af000 	C:\Program Files\Java\jdk1.6.0_13\jre\bin\zip.dll
0x6d0b0000 - 0x6d1fa000 	C:\Program Files\Java\jdk1.6.0_13\jre\bin\awt.dll
0x73000000 - 0x73026000 	C:\WINDOWS\system32\WINSPOOL.DRV
0x77c10000 - 0x77c68000 	C:\WINDOWS\system32\msvcrt.dll
0x774e0000 - 0x7761c000 	C:\WINDOWS\system32\ole32.dll
0x773d0000 - 0x774d2000 	C:\WINDOWS\WinSxS\x86_Microsoft.Windows.Common-Controls_6595b64144ccf1df_6.0.2600.2180_x-ww_a84f1ff9\comctl32.dll
0x77f60000 - 0x77fd6000 	C:\WINDOWS\system32\SHLWAPI.dll
0x5ad70000 - 0x5ada8000 	C:\WINDOWS\system32\uxtheme.dll
0x74720000 - 0x7476b000 	C:\WINDOWS\system32\MSCTF.dll
0x755c0000 - 0x755ee000 	C:\WINDOWS\system32\msctfime.ime
0x7c9c0000 - 0x7d1d4000 	C:\WINDOWS\system32\shell32.dll
0x6d2e0000 - 0x6d334000 	C:\Program Files\Java\jdk1.6.0_13\jre\bin\fontmanager.dll
0x6d6c0000 - 0x6d6d3000 	C:\Program Files\Java\jdk1.6.0_13\jre\bin\net.dll
0x71ab0000 - 0x71ac7000 	C:\WINDOWS\system32\WS2_32.dll
0x71aa0000 - 0x71aa8000 	C:\WINDOWS\system32\WS2HELP.dll
0x6d6e0000 - 0x6d6e9000 	C:\Program Files\Java\jdk1.6.0_13\jre\bin\nio.dll
0x605d0000 - 0x605d9000 	C:\WINDOWS\system32\mslbui.dll
0x6d250000 - 0x6d273000 	C:\Program Files\Java\jdk1.6.0_13\jre\bin\dcpr.dll

VM Arguments:
java_command: b6
Launcher Type: SUN_STANDARD

Environment Variables:
PATH=C:\WINDOWS\system32;C:\WINDOWS;C:\WINDOWS\System32\Wbem
USERNAME=Student
OS=Windows_NT
PROCESSOR_IDENTIFIER=x86 Family 6 Model 23 Stepping 10, GenuineIntel



---------------  S Y S T E M  ---------------

OS: Windows XP Build 2600 Service Pack 2

CPU:total 2 (2 cores per cpu, 1 threads per core) family 6 model 7 stepping 10, cmov, cx8, fxsr, mmx, sse, sse2, sse3, ssse3

Memory: 4k page, physical 2027964k(1363792k free), swap 3966900k(3429164k free)

vm_info: Java HotSpot(TM) Client VM (11.3-b02) for windows-x86 JRE (1.6.0_13-b03), built on Mar  9 2009 01:15:24 by "java_re" with MS VC++ 7.1

time: Thu Aug 21 12:01:38 2014
elapsed time: 9 seconds

