#
# An unexpected error has been detected by Java Runtime Environment:
#
#  EXCEPTION_ACCESS_VIOLATION (0xc0000005) at pc=0x6d94404a, pid=3624, tid=3632
#
# Java VM: Java HotSpot(TM) Client VM (11.3-b02 mixed mode, sharing windows-x86)
# Problematic frame:
# V  [jvm.dll+0x9404a]
#
# If you would like to submit a bug report, please visit:
#   http://java.sun.com/webapps/bugreport/crash.jsp
#

---------------  T H R E A D  ---------------

Current thread (0x002a6800):  JavaThread "Unknown thread" [_thread_in_vm, id=3632, stack(0x008c0000,0x00910000)]

siginfo: ExceptionCode=0xc0000005, reading address 0x00000008

Registers:
EAX=0x00000000, EBX=0x000000bb, ECX=0x2b1854d0, EDX=0x002a710c
ESP=0x0090f9a8, EBP=0x000000d5, ESI=0x002a7108, EDI=0x2299bd60
EIP=0x6d94404a, EFLAGS=0x00010206

Top of Stack: (sp=0x0090f9a8)
0x0090f9a8:   002a6800 2b1854d0 0090fb48 00000000
0x0090f9b8:   000000bd 002a7118 00000370 002a65c8
0x0090f9c8:   002a70b0 002a7124 002a74a4 0090fbb0
0x0090f9d8:   6daa1d28 6da98bc0 002a7108 002a7108
0x0090f9e8:   6d98dc16 6d3eb3d8 00000001 002a717c
0x0090f9f8:   2a97f8c0 002a6800 6d3fa288 00000026
0x0090fa08:   00000000 00000000 00000000 2bdcd9dc
0x0090fa18:   00000034 6da391c4 6d3f204c 00000034 

Instructions: (pc=0x6d94404a)
0x6d94403a:   ad 1c 00 00 00 57 8b 3c 08 89 44 24 18 8b 47 04
0x6d94404a:   8b 50 08 8d 48 08 ff 92 8c 00 00 00 84 c0 74 0c 


Stack: [0x008c0000,0x00910000],  sp=0x0090f9a8,  free space=318k
Native frames: (J=compiled Java code, j=interpreted, Vv=VM code, C=native code)
V  [jvm.dll+0x9404a]

Java frames: (J=compiled Java code, j=interpreted, Vv=VM code)
j  java.lang.Thread.<clinit>()V+10
v  ~StubRoutines::call_stub

---------------  P R O C E S S  ---------------

Java Threads: ( => current thread )
=>0x002a6800 JavaThread "Unknown thread" [_thread_in_vm, id=3632, stack(0x008c0000,0x00910000)]

Other Threads:
  0x02a5d800 VMThread [stack: 0x02b40000,0x02b90000] [id=3636]

VM state:not at safepoint (normal execution)

VM Mutex/Monitor currently owned by a thread: None

Heap
 def new generation   total 960K, used 17K [0x22970000, 0x22a70000, 0x22e50000)
  eden space 896K,   2% used [0x22970000, 0x229747c8, 0x22a50000)
  from space 64K,   0% used [0x22a50000, 0x22a50000, 0x22a60000)
  to   space 64K,   0% used [0x22a60000, 0x22a60000, 0x22a70000)
 tenured generation   total 4096K, used 0K [0x22e50000, 0x23250000, 0x26970000)
   the space 4096K,   0% used [0x22e50000, 0x22e50000, 0x22e50200, 0x23250000)
 compacting perm gen  total 12288K, used 4K [0x26970000, 0x27570000, 0x2a970000)
   the space 12288K,   0% used [0x26970000, 0x269710c0, 0x26971200, 0x27570000)
    ro space 8192K,  67% used [0x2a970000, 0x2aed7ea8, 0x2aed8000, 0x2b170000)
    rw space 12288K,  53% used [0x2b170000, 0x2b7e5530, 0x2b7e5600, 0x2bd70000)

Dynamic libraries:
0x00400000 - 0x00424000 	C:\Program Files\Java\jdk1.6.0_13\bin\java.exe
0x7c900000 - 0x7c9b0000 	C:\WINDOWS\system32\ntdll.dll
0x7c800000 - 0x7c8f4000 	C:\WINDOWS\system32\kernel32.dll
0x77dd0000 - 0x77e6b000 	C:\WINDOWS\system32\ADVAPI32.dll
0x77e70000 - 0x77f01000 	C:\WINDOWS\system32\RPCRT4.dll
0x7c340000 - 0x7c396000 	C:\Program Files\Java\jdk1.6.0_13\jre\bin\msvcr71.dll
0x6d8b0000 - 0x6db06000 	C:\Program Files\Java\jdk1.6.0_13\jre\bin\client\jvm.dll
0x77d40000 - 0x77dd0000 	C:\WINDOWS\system32\USER32.dll
0x77f10000 - 0x77f56000 	C:\WINDOWS\system32\GDI32.dll
0x76b40000 - 0x76b6d000 	C:\WINDOWS\system32\WINMM.dll
0x76390000 - 0x763ad000 	C:\WINDOWS\system32\IMM32.DLL
0x6d340000 - 0x6d348000 	C:\Program Files\Java\jdk1.6.0_13\jre\bin\hpi.dll
0x76bf0000 - 0x76bfb000 	C:\WINDOWS\system32\PSAPI.DLL
0x6d860000 - 0x6d86c000 	C:\Program Files\Java\jdk1.6.0_13\jre\bin\verify.dll
0x6d3e0000 - 0x6d3ff000 	C:\Program Files\Java\jdk1.6.0_13\jre\bin\java.dll
0x6d8a0000 - 0x6d8af000 	C:\Program Files\Java\jdk1.6.0_13\jre\bin\zip.dll

VM Arguments:
java_command: b3
Launcher Type: SUN_STANDARD

Environment Variables:
PATH=C:\WINDOWS\system32;C:\WINDOWS;C:\WINDOWS\System32\Wbem
USERNAME=Student
OS=Windows_NT
PROCESSOR_IDENTIFIER=x86 Family 6 Model 23 Stepping 10, GenuineIntel



---------------  S Y S T E M  ---------------

OS: Windows XP Build 2600 Service Pack 2

CPU:total 2 (2 cores per cpu, 1 threads per core) family 6 model 7 stepping 10, cmov, cx8, fxsr, mmx, sse, sse2, sse3, ssse3

Memory: 4k page, physical 2027964k(1389736k free), swap 3966900k(3446128k free)

vm_info: Java HotSpot(TM) Client VM (11.3-b02) for windows-x86 JRE (1.6.0_13-b03), built on Mar  9 2009 01:15:24 by "java_re" with MS VC++ 7.1

time: Thu Aug 21 11:36:17 2014
elapsed time: 0 seconds

