#
# An unexpected error has been detected by Java Runtime Environment:
#
#  EXCEPTION_ACCESS_VIOLATION (0xc0000005) at pc=0x009990b0, pid=2564, tid=2700
#
# Java VM: Java HotSpot(TM) Client VM (11.3-b02 mixed mode, sharing windows-x86)
# Problematic frame:
# C  0x009990b0
#
# If you would like to submit a bug report, please visit:
#   http://java.sun.com/webapps/bugreport/crash.jsp
#

---------------  T H R E A D  ---------------

Current thread (0x002a6800):  JavaThread "main" [_thread_in_Java, id=2700, stack(0x008c0000,0x00910000)]

siginfo: ExceptionCode=0xc0000005, reading address 0x009990b0

Registers:
EAX=0x009990b0, EBX=0x2b184a60, ECX=0x00000000, EDX=0x0000000a
ESP=0x0090fb4c, EBP=0x0090fb6c, ESI=0x0090fb50, EDI=0x2b184a60
EIP=0x009990b0, EFLAGS=0x00010246

Top of Stack: (sp=0x0090fb4c)
0x0090fb4c:   009102ca 6d978fbc 0090fbc8 6d978fbc
0x0090fb5c:   00001f80 0090fc74 002a6800 2b184a60
0x0090fb6c:   00910265 6d97934d 0090fbc8 0090fc6c
0x0090fb7c:   0000000a 2b184a60 009990b0 0090fc78
0x0090fb8c:   00000000 002a6800 002a6800 0090fc28
0x0090fb9c:   2b184a60 002a6800 00000000 0000000a
0x0090fbac:   0090fc6c 002a6800 002a65c8 002a70b0
0x0090fbbc:   002a7120 002a74a4 0090fe1c 002a6800 

Instructions: (pc=0x009990b0)
0x009990a0:   
[error occurred during error reporting (printing registers, top of stack, instructions near pc), id 0xc0000005]

Stack: [0x008c0000,0x00910000],  sp=0x0090fb4c,  free space=318k
Native frames: (J=compiled Java code, j=interpreted, Vv=VM code, C=native code)
C  0x009990b0


---------------  P R O C E S S  ---------------

Java Threads: ( => current thread )
  0x02a5f000 JavaThread "Reference Handler" daemon [_thread_blocked, id=2624, stack(0x02b90000,0x02be0000)]
=>0x002a6800 JavaThread "main" [_thread_in_Java, id=2700, stack(0x008c0000,0x00910000)]

Other Threads:
  0x02a5d800 VMThread [stack: 0x02b40000,0x02b90000] [id=2704]

VM state:not at safepoint (normal execution)

VM Mutex/Monitor currently owned by a thread: None

Heap
 def new generation   total 960K, used 17K [0x22970000, 0x22a70000, 0x22e50000)
  eden space 896K,   2% used [0x22970000, 0x229747c8, 0x22a50000)
  from space 64K,   0% used [0x22a50000, 0x22a50000, 0x22a60000)
  to   space 64K,   0% used [0x22a60000, 0x22a60000, 0x22a70000)
 tenured generation   total 4096K, used 0K [0x22e50000, 0x23250000, 0x26970000)
   the space 4096K,   0% used [0x22e50000, 0x22e50000, 0x22e50200, 0x23250000)
 compacting perm gen  total 12288K, used 6K [0x26970000, 0x27570000, 0x2a970000)
   the space 12288K,   0% used [0x26970000, 0x26971930, 0x26971a00, 0x27570000)
    ro space 8192K,  67% used [0x2a970000, 0x2aed7ea8, 0x2aed8000, 0x2b170000)
    rw space 12288K,  53% used [0x2b170000, 0x2b7e5530, 0x2b7e5600, 0x2bd70000)

Dynamic libraries:
0x00400000 - 0x00424000 	C:\Program Files\Java\jdk1.6.0_13\bin\java.exe
0x7c900000 - 0x7c9b0000 	C:\WINDOWS\system32\ntdll.dll
0x7c800000 - 0x7c8f4000 	C:\WINDOWS\system32\kernel32.dll
0x77dd0000 - 0x77e6b000 	C:\WINDOWS\system32\ADVAPI32.dll
0x77e70000 - 0x77f01000 	C:\WINDOWS\system32\RPCRT4.dll
0x7c340000 - 0x7c396000 	C:\Program Files\Java\jdk1.6.0_13\jre\bin\msvcr71.dll
0x6d8b0000 - 0x6db06000 	C:\Program Files\Java\jdk1.6.0_13\jre\bin\client\jvm.dll
0x77d40000 - 0x77dd0000 	C:\WINDOWS\system32\USER32.dll
0x77f10000 - 0x77f56000 	C:\WINDOWS\system32\GDI32.dll
0x76b40000 - 0x76b6d000 	C:\WINDOWS\system32\WINMM.dll
0x76390000 - 0x763ad000 	C:\WINDOWS\system32\IMM32.DLL
0x6d340000 - 0x6d348000 	C:\Program Files\Java\jdk1.6.0_13\jre\bin\hpi.dll
0x76bf0000 - 0x76bfb000 	C:\WINDOWS\system32\PSAPI.DLL
0x6d860000 - 0x6d86c000 	C:\Program Files\Java\jdk1.6.0_13\jre\bin\verify.dll
0x6d3e0000 - 0x6d3ff000 	C:\Program Files\Java\jdk1.6.0_13\jre\bin\java.dll
0x6d8a0000 - 0x6d8af000 	C:\Program Files\Java\jdk1.6.0_13\jre\bin\zip.dll

VM Arguments:
java_command: b2
Launcher Type: SUN_STANDARD

Environment Variables:
PATH=C:\WINDOWS\system32;C:\WINDOWS;C:\WINDOWS\System32\Wbem
USERNAME=Student
OS=Windows_NT
PROCESSOR_IDENTIFIER=x86 Family 6 Model 23 Stepping 10, GenuineIntel



---------------  S Y S T E M  ---------------

OS: Windows XP Build 2600 Service Pack 2

CPU:total 2 (2 cores per cpu, 1 threads per core) family 6 model 7 stepping 10, cmov, cx8, fxsr, mmx, sse, sse2, sse3, ssse3

Memory: 4k page, physical 2027964k(1404768k free), swap 3966900k(3456768k free)

vm_info: Java HotSpot(TM) Client VM (11.3-b02) for windows-x86 JRE (1.6.0_13-b03), built on Mar  9 2009 01:15:24 by "java_re" with MS VC++ 7.1

time: Sat Aug 16 11:55:48 2014
elapsed time: 0 seconds

