#
# An unexpected error has been detected by Java Runtime Environment:
#
#  EXCEPTION_ACCESS_VIOLATION (0xc0000005) at pc=0x6d9e9427, pid=3588, tid=3572
#
# Java VM: Java HotSpot(TM) Client VM (11.3-b02 mixed mode, sharing windows-x86)
# Problematic frame:
# V  [jvm.dll+0x139427]
#
# If you would like to submit a bug report, please visit:
#   http://java.sun.com/webapps/bugreport/crash.jsp
#

---------------  T H R E A D  ---------------

Current thread (0x02a5d800):  VMThread [stack: 0x02b40000,0x02b90000] [id=3572]

siginfo: ExceptionCode=0xc0000005, reading address 0x000004ab

Registers:
EAX=0x2b2899b0, EBX=0x002a9f60, ECX=0x2b286678, EDX=0x0000044b
ESP=0x02b8f9a8, EBP=0x22e50000, ESI=0x6dac5074, EDI=0x6dac5074
EIP=0x6d9e9427, EFLAGS=0x00010206

Top of Stack: (sp=0x02b8f9a8)
0x02b8f9a8:   2b2899b0 6d9e982a 00000003 6da5f671
0x02b8f9b8:   6dae056c 6dac5074 002a9f60 6da21cfb
0x02b8f9c8:   6dac5074 00000000 6dac5074 6dac5074
0x02b8f9d8:   002a9f60 6d959bf1 00000001 00000002
0x02b8f9e8:   6dac5074 6dac5074 00000001 002a9f60
0x02b8f9f8:   22e50000 00ec8000 6d95b82b 00000001
0x02b8fa08:   00000000 00000001 00000002 6dac5074
0x02b8fa18:   6dac5074 00010100 00000d4e 00000000 

Instructions: (pc=0x6d9e9427)
0x6d9e9417:   08 8b 08 8b 04 8a 8b 48 04 8b 51 08 83 c1 08 50
0x6d9e9427:   ff 52 60 a1 98 04 ad 6d 83 38 00 75 dc c3 cc cc 


Stack: [0x02b40000,0x02b90000],  sp=0x02b8f9a8,  free space=318k
Native frames: (J=compiled Java code, j=interpreted, Vv=VM code, C=native code)
V  [jvm.dll+0x139427]

VM_Operation (0x02fceee0): GenCollectForAllocation, mode: safepoint, requested by thread 0x02b15400


---------------  P R O C E S S  ---------------

Java Threads: ( => current thread )
  0x03067800 JavaThread "TimerQueue" daemon [_thread_blocked, id=3704, stack(0x03690000,0x036e0000)]
  0x002a6800 JavaThread "DestroyJavaVM" [_thread_blocked, id=3388, stack(0x008c0000,0x00910000)]
  0x02b15400 JavaThread "AWT-EventQueue-0" [_thread_blocked, id=3708, stack(0x02f80000,0x02fd0000)]
  0x02b05000 JavaThread "AWT-Windows" daemon [_thread_in_native, id=3696, stack(0x02ef0000,0x02f40000)]
  0x02b03800 JavaThread "AWT-Shutdown" [_thread_blocked, id=3700, stack(0x02ea0000,0x02ef0000)]
  0x02b02800 JavaThread "Java2D Disposer" daemon [_thread_blocked, id=3688, stack(0x02e50000,0x02ea0000)]
  0x02a71800 JavaThread "Low Memory Detector" daemon [_thread_blocked, id=3680, stack(0x02d20000,0x02d70000)]
  0x02a6c800 JavaThread "CompilerThread0" daemon [_thread_blocked, id=3684, stack(0x02cd0000,0x02d20000)]
  0x02a6a000 JavaThread "Attach Listener" daemon [_thread_blocked, id=3404, stack(0x02c80000,0x02cd0000)]
  0x02a68c00 JavaThread "Signal Dispatcher" daemon [_thread_blocked, id=3484, stack(0x02c30000,0x02c80000)]
  0x02a60800 JavaThread "Finalizer" daemon [_thread_blocked, id=3456, stack(0x02be0000,0x02c30000)]
  0x02a5f000 JavaThread "Reference Handler" daemon [_thread_blocked, id=3596, stack(0x02b90000,0x02be0000)]

Other Threads:
=>0x02a5d800 VMThread [stack: 0x02b40000,0x02b90000] [id=3572]
  0x02a7b800 WatcherThread [stack: 0x02d70000,0x02dc0000] [id=3692]

VM state:at safepoint (normal execution)

VM Mutex/Monitor currently owned by a thread:  ([mutex/lock_event])
[0x002a5870] UNKNOWN - owner thread: 0x02a5d800
[0x002a5cd0] UNKNOWN - owner thread: 0x02b15400

Heap
 def new generation   total 960K, used 17K [0x22970000, 0x22a70000, 0x22e50000)
  eden space 896K,   0% used [0x22970000, 0x22970000, 0x22a50000)
  from space 64K,  26% used [0x22a60000, 0x22a64500, 0x22a70000)
  to   space 64K,   0% used [0x22a50000, 0x22a50000, 0x22a60000)
 tenured generation   total 4096K, used 3893K [0x22e50000, 0x23250000, 0x26970000)
   the space 4096K,  95% used [0x22e50000, 0x2321d580, 0x2321d600, 0x23250000)
 compacting perm gen  total 12288K, used 1815K [0x26970000, 0x27570000, 0x2a970000)
   the space 12288K,  14% used [0x26970000, 0x26b35cc8, 0x26b35e00, 0x27570000)
    ro space 8192K,  67% used [0x2a970000, 0x2aed7ea8, 0x2aed8000, 0x2b170000)
    rw space 12288K,  53% used [0x2b170000, 0x2b7e5530, 0x2b7e5600, 0x2bd70000)

Dynamic libraries:
0x00400000 - 0x00424000 	C:\Program Files\Java\jdk1.6.0_13\bin\java.exe
0x7c900000 - 0x7c9b0000 	C:\WINDOWS\system32\ntdll.dll
0x7c800000 - 0x7c8f4000 	C:\WINDOWS\system32\kernel32.dll
0x77dd0000 - 0x77e6b000 	C:\WINDOWS\system32\ADVAPI32.dll
0x77e70000 - 0x77f01000 	C:\WINDOWS\system32\RPCRT4.dll
0x7c340000 - 0x7c396000 	C:\Program Files\Java\jdk1.6.0_13\jre\bin\msvcr71.dll
0x6d8b0000 - 0x6db06000 	C:\Program Files\Java\jdk1.6.0_13\jre\bin\client\jvm.dll
0x77d40000 - 0x77dd0000 	C:\WINDOWS\system32\USER32.dll
0x77f10000 - 0x77f56000 	C:\WINDOWS\system32\GDI32.dll
0x76b40000 - 0x76b6d000 	C:\WINDOWS\system32\WINMM.dll
0x76390000 - 0x763ad000 	C:\WINDOWS\system32\IMM32.DLL
0x6d340000 - 0x6d348000 	C:\Program Files\Java\jdk1.6.0_13\jre\bin\hpi.dll
0x76bf0000 - 0x76bfb000 	C:\WINDOWS\system32\PSAPI.DLL
0x6d860000 - 0x6d86c000 	C:\Program Files\Java\jdk1.6.0_13\jre\bin\verify.dll
0x6d3e0000 - 0x6d3ff000 	C:\Program Files\Java\jdk1.6.0_13\jre\bin\java.dll
0x6d8a0000 - 0x6d8af000 	C:\Program Files\Java\jdk1.6.0_13\jre\bin\zip.dll
0x6d0b0000 - 0x6d1fa000 	C:\Program Files\Java\jdk1.6.0_13\jre\bin\awt.dll
0x73000000 - 0x73026000 	C:\WINDOWS\system32\WINSPOOL.DRV
0x77c10000 - 0x77c68000 	C:\WINDOWS\system32\msvcrt.dll
0x774e0000 - 0x7761c000 	C:\WINDOWS\system32\ole32.dll
0x773d0000 - 0x774d2000 	C:\WINDOWS\WinSxS\x86_Microsoft.Windows.Common-Controls_6595b64144ccf1df_6.0.2600.2180_x-ww_a84f1ff9\comctl32.dll
0x77f60000 - 0x77fd6000 	C:\WINDOWS\system32\SHLWAPI.dll
0x5ad70000 - 0x5ada8000 	C:\WINDOWS\system32\uxtheme.dll
0x74720000 - 0x7476b000 	C:\WINDOWS\system32\MSCTF.dll
0x755c0000 - 0x755ee000 	C:\WINDOWS\system32\msctfime.ime
0x7c9c0000 - 0x7d1d4000 	C:\WINDOWS\system32\shell32.dll
0x6d2e0000 - 0x6d334000 	C:\Program Files\Java\jdk1.6.0_13\jre\bin\fontmanager.dll
0x6d6c0000 - 0x6d6d3000 	C:\Program Files\Java\jdk1.6.0_13\jre\bin\net.dll
0x71ab0000 - 0x71ac7000 	C:\WINDOWS\system32\WS2_32.dll
0x71aa0000 - 0x71aa8000 	C:\WINDOWS\system32\WS2HELP.dll
0x6d6e0000 - 0x6d6e9000 	C:\Program Files\Java\jdk1.6.0_13\jre\bin\nio.dll
0x605d0000 - 0x605d9000 	C:\WINDOWS\system32\mslbui.dll
0x6d250000 - 0x6d273000 	C:\Program Files\Java\jdk1.6.0_13\jre\bin\dcpr.dll

VM Arguments:
java_command: b4
Launcher Type: SUN_STANDARD

Environment Variables:
PATH=C:\WINDOWS\system32;C:\WINDOWS;C:\WINDOWS\System32\Wbem
USERNAME=Student
OS=Windows_NT
PROCESSOR_IDENTIFIER=x86 Family 6 Model 23 Stepping 10, GenuineIntel



---------------  S Y S T E M  ---------------

OS: Windows XP Build 2600 Service Pack 2

CPU:total 2 (2 cores per cpu, 1 threads per core) family 6 model 7 stepping 10, cmov, cx8, fxsr, mmx, sse, sse2, sse3, ssse3

Memory: 4k page, physical 2027964k(1333148k free), swap 3966900k(3407636k free)

vm_info: Java HotSpot(TM) Client VM (11.3-b02) for windows-x86 JRE (1.6.0_13-b03), built on Mar  9 2009 01:15:24 by "java_re" with MS VC++ 7.1

time: Tue Sep 02 07:46:40 2014
elapsed time: 3 seconds

