#
# An unexpected error has been detected by Java Runtime Environment:
#
#  EXCEPTION_ACCESS_VIOLATION (0xc0000005) at pc=0x6d948533, pid=3712, tid=3724
#
# Java VM: Java HotSpot(TM) Client VM (11.3-b02 mixed mode, sharing windows-x86)
# Problematic frame:
# V  [jvm.dll+0x98533]
#
# If you would like to submit a bug report, please visit:
#   http://java.sun.com/webapps/bugreport/crash.jsp
#

---------------  T H R E A D  ---------------

Current thread (0x02a5d800):  VMThread [stack: 0x02b40000,0x02b90000] [id=3724]

siginfo: ExceptionCode=0xc0000005, reading address 0x7ff0000c

Registers:
EAX=0x7ff00008, EBX=0x2b189864, ECX=0x002aa208, EDX=0x2b189840
ESP=0x02b8f9fc, EBP=0x00000000, ESI=0x22970020, EDI=0x002aa208
EIP=0x6d948533, EFLAGS=0x00010202

Top of Stack: (sp=0x02b8f9fc)
0x02b8f9fc:   02b8fc38 2b189840 00000000 2b189864
0x02b8fa0c:   2b18980c 0000007e 6d948706 22970020
0x02b8fa1c:   2b189840 2b189830 02b8fa9c 6d9dbc21
0x02b8fa2c:   2b189840 2b189830 02b8fa9c 00000058
0x02b8fa3c:   2b1898d4 00000058 6d96cd82 2b189828
0x02b8fa4c:   02b8fa9c 2b189828 2b189988 2b189a08
0x02b8fa5c:   02b8fa9c 2b170898 6da2e321 2b189828
0x02b8fa6c:   00000000 2b189600 02a541f8 2b189600 

Instructions: (pc=0x6d948533)
0x6d948523:   53 55 56 8b 74 24 18 8b 46 04 83 c0 08 57 8b f9
0x6d948533:   8b 48 04 8b e9 c1 fd 02 85 c9 89 7c 24 14 89 4c 


Stack: [0x02b40000,0x02b90000],  sp=0x02b8f9fc,  free space=318k
Native frames: (J=compiled Java code, j=interpreted, Vv=VM code, C=native code)
V  [jvm.dll+0x98533]

[error occurred during error reporting (printing native stack), id 0xc0000005]

VM_Operation (0x0090f79c): GenCollectForAllocation, mode: safepoint, requested by thread 0x002a6800


---------------  P R O C E S S  ---------------

Java Threads: ( => current thread )
  0x02b05000 JavaThread "AWT-Windows" daemon [_thread_in_native, id=3764, stack(0x02ef0000,0x02f40000)]
  0x02b03800 JavaThread "AWT-Shutdown" [_thread_blocked, id=3760, stack(0x02ea0000,0x02ef0000)]
  0x02b02800 JavaThread "Java2D Disposer" daemon [_thread_blocked, id=3756, stack(0x02e50000,0x02ea0000)]
  0x02a71c00 JavaThread "Low Memory Detector" daemon [_thread_blocked, id=3748, stack(0x02d20000,0x02d70000)]
  0x02a6b800 JavaThread "CompilerThread0" daemon [_thread_blocked, id=3744, stack(0x02cd0000,0x02d20000)]
  0x02a6a000 JavaThread "Attach Listener" daemon [_thread_blocked, id=3740, stack(0x02c80000,0x02cd0000)]
  0x02a68c00 JavaThread "Signal Dispatcher" daemon [_thread_blocked, id=3736, stack(0x02c30000,0x02c80000)]
  0x02a63c00 JavaThread "Finalizer" daemon [_thread_blocked, id=3732, stack(0x02be0000,0x02c30000)]
  0x02a5f000 JavaThread "Reference Handler" daemon [_thread_blocked, id=3728, stack(0x02b90000,0x02be0000)]
  0x002a6800 JavaThread "main" [_thread_blocked, id=3720, stack(0x008c0000,0x00910000)]

Other Threads:
=>0x02a5d800 VMThread [stack: 0x02b40000,0x02b90000] [id=3724]
  0x02a73400 WatcherThread [stack: 0x02d70000,0x02dc0000] [id=3752]

VM state:at safepoint (normal execution)

VM Mutex/Monitor currently owned by a thread:  ([mutex/lock_event])
[0x002a5870] UNKNOWN - owner thread: 0x02a5d800
[0x002a5cd0] UNKNOWN - owner thread: 0x002a6800

Heap
 def new generation   total 960K, used 960K [0x22970000, 0x22a70000, 0x22e50000)
  eden space 896K, 100% used [0x22970000, 0x22a50000, 0x22a50000)
  from space 64K, 100% used [0x22a60000, 0x22a70000, 0x22a70000)
  to   space 64K,   6% used [0x22a50000, 0x22a51168, 0x22a60000)
 tenured generation   total 4096K, used 363K [0x22e50000, 0x23250000, 0x26970000)
   the space 4096K,   8% used [0x22e50000, 0x22eaad80, 0x22eaae00, 0x23250000)
 compacting perm gen  total 12288K, used 642K [0x26970000, 0x27570000, 0x2a970000)
   the space 12288K,   5% used [0x26970000, 0x26a10990, 0x26a10a00, 0x27570000)
    ro space 8192K,  67% used [0x2a970000, 0x2aed7ea8, 0x2aed8000, 0x2b170000)
    rw space 12288K,  53% used [0x2b170000, 0x2b7e5530, 0x2b7e5600, 0x2bd70000)

Dynamic libraries:
0x00400000 - 0x00424000 	C:\Program Files\Java\jdk1.6.0_13\bin\java.exe
0x7c900000 - 0x7c9b0000 	C:\WINDOWS\system32\ntdll.dll
0x7c800000 - 0x7c8f4000 	C:\WINDOWS\system32\kernel32.dll
0x77dd0000 - 0x77e6b000 	C:\WINDOWS\system32\ADVAPI32.dll
0x77e70000 - 0x77f01000 	C:\WINDOWS\system32\RPCRT4.dll
0x7c340000 - 0x7c396000 	C:\Program Files\Java\jdk1.6.0_13\jre\bin\msvcr71.dll
0x6d8b0000 - 0x6db06000 	C:\Program Files\Java\jdk1.6.0_13\jre\bin\client\jvm.dll
0x77d40000 - 0x77dd0000 	C:\WINDOWS\system32\USER32.dll
0x77f10000 - 0x77f56000 	C:\WINDOWS\system32\GDI32.dll
0x76b40000 - 0x76b6d000 	C:\WINDOWS\system32\WINMM.dll
0x76390000 - 0x763ad000 	C:\WINDOWS\system32\IMM32.DLL
0x6d340000 - 0x6d348000 	C:\Program Files\Java\jdk1.6.0_13\jre\bin\hpi.dll
0x76bf0000 - 0x76bfb000 	C:\WINDOWS\system32\PSAPI.DLL
0x6d860000 - 0x6d86c000 	C:\Program Files\Java\jdk1.6.0_13\jre\bin\verify.dll
0x6d3e0000 - 0x6d3ff000 	C:\Program Files\Java\jdk1.6.0_13\jre\bin\java.dll
0x6d8a0000 - 0x6d8af000 	C:\Program Files\Java\jdk1.6.0_13\jre\bin\zip.dll
0x6d0b0000 - 0x6d1fa000 	C:\Program Files\Java\jdk1.6.0_13\jre\bin\awt.dll
0x73000000 - 0x73026000 	C:\WINDOWS\system32\WINSPOOL.DRV
0x77c10000 - 0x77c68000 	C:\WINDOWS\system32\msvcrt.dll
0x774e0000 - 0x7761c000 	C:\WINDOWS\system32\ole32.dll
0x773d0000 - 0x774d2000 	C:\WINDOWS\WinSxS\x86_Microsoft.Windows.Common-Controls_6595b64144ccf1df_6.0.2600.2180_x-ww_a84f1ff9\comctl32.dll
0x77f60000 - 0x77fd6000 	C:\WINDOWS\system32\SHLWAPI.dll
0x5ad70000 - 0x5ada8000 	C:\WINDOWS\system32\uxtheme.dll
0x74720000 - 0x7476b000 	C:\WINDOWS\system32\MSCTF.dll
0x755c0000 - 0x755ee000 	C:\WINDOWS\system32\msctfime.ime
0x7c9c0000 - 0x7d1d4000 	C:\WINDOWS\system32\shell32.dll
0x6d2e0000 - 0x6d334000 	C:\Program Files\Java\jdk1.6.0_13\jre\bin\fontmanager.dll

VM Arguments:
java_command: b2
Launcher Type: SUN_STANDARD

Environment Variables:
PATH=C:\WINDOWS\system32;C:\WINDOWS;C:\WINDOWS\System32\Wbem
USERNAME=Student
OS=Windows_NT
PROCESSOR_IDENTIFIER=x86 Family 6 Model 23 Stepping 10, GenuineIntel



---------------  S Y S T E M  ---------------

OS: Windows XP Build 2600 Service Pack 2

CPU:total 2 (2 cores per cpu, 1 threads per core) family 6 model 7 stepping 10, cmov, cx8, fxsr, mmx, sse, sse2, sse3, ssse3

Memory: 4k page, physical 2027964k(1461764k free), swap 3966900k(3488992k free)

vm_info: Java HotSpot(TM) Client VM (11.3-b02) for windows-x86 JRE (1.6.0_13-b03), built on Mar  9 2009 01:15:24 by "java_re" with MS VC++ 7.1

time: Tue Sep 09 07:33:40 2014
elapsed time: 0 seconds

